# JRE version: Java(TM) SE Runtime Environment (21.0.7+8) (build 21.0.7+8-LTS-245)
# Java VM: Java HotSpot(TM) 64-Bit Server VM (21.0.7+8-LTS-245, mixed mode, emulated-client, sharing, tiered, compressed oops, compressed class ptrs, g1 gc, windows-amd64)
GC Precious Log:
 CardTable entry size: 512
 Card Set container configuration: InlinePtr #cards 5 size 8 Array Of Cards #cards 12 size 40 Howl #buckets 4 coarsen threshold 1843 Howl Bitmap #cards 512 size 80 coarsen threshold 460 Card regions per heap region 1 cards per card region 2048
 CPUs: 12 total, 12 available
 Memory: 5985M
 Large Page Support: Disabled
 NUMA Support: Disabled
 Compressed Oops: Enabled (32-bit)
 Heap Region Size: 1M
 Heap Min Capacity: 8M
 Heap Initial Capacity: 94M
 Heap Max Capacity: 1498M
 Pre-touch: Disabled
 Parallel Workers: 10
 Concurrent Workers: 3
 Concurrent Refinement Workers: 10
 Periodic GC: Disabled
Heap:
 garbage-first heap   total 109568K, used 70745K [0x00000000a2600000, 0x0000000100000000)
  region size 1024K, 35 young (35840K), 1 survivors (1024K)
 Metaspace       used 84822K, committed 86080K, reserved 1179648K
  class space    used 11582K, committed 12160K, reserved 1048576K
GC Heap History (20 events):
Event: 2869.036 GC heap after
{Heap after GC invocations=102 (full 17):
 garbage-first heap   total 106496K, used 36703K [0x00000000a2600000, 0x0000000100000000)
  region size 1024K, 3 young (3072K), 3 survivors (3072K)
 Metaspace       used 84337K, committed 85312K, reserved 1179648K
  class space    used 11533K, committed 11968K, reserved 1048576K
}
Event: 3244.532 GC heap before
{Heap before GC invocations=103 (full 17):
 garbage-first heap   total 106496K, used 96095K [0x00000000a2600000, 0x0000000100000000)
  region size 1024K, 61 young (62464K), 3 survivors (3072K)
 Metaspace       used 84337K, committed 85312K, reserved 1179648K
  class space    used 11533K, committed 11968K, reserved 1048576K
}
Event: 3244.591 GC heap after
{Heap after GC invocations=104 (full 17):
 garbage-first heap   total 135168K, used 36753K [0x00000000a2600000, 0x0000000100000000)
  region size 1024K, 3 young (3072K), 3 survivors (3072K)
 Metaspace       used 84337K, committed 85312K, reserved 1179648K
  class space    used 11533K, committed 11968K, reserved 1048576K
}
Event: 5032.982 GC heap before
{Heap before GC invocations=104 (full 17):
 garbage-first heap   total 135168K, used 101265K [0x00000000a2600000, 0x0000000100000000)
  region size 1024K, 67 young (68608K), 3 survivors (3072K)
 Metaspace       used 84340K, committed 85312K, reserved 1179648K
  class space    used 11533K, committed 11968K, reserved 1048576K
}
Event: 5033.473 GC heap after
{Heap after GC invocations=105 (full 18):
 garbage-first heap   total 109568K, used 29753K [0x00000000a2600000, 0x0000000100000000)
  region size 1024K, 0 young (0K), 0 survivors (0K)
 Metaspace       used 84256K, committed 85248K, reserved 1179648K
  class space    used 11517K, committed 11904K, reserved 1048576K
}
Event: 5036.076 GC heap before
{Heap before GC invocations=105 (full 18):
 garbage-first heap   total 109568K, used 95289K [0x00000000a2600000, 0x0000000100000000)
  region size 1024K, 64 young (65536K), 0 survivors (0K)
 Metaspace       used 84545K, committed 85504K, reserved 1179648K
  class space    used 11573K, committed 11968K, reserved 1048576K
}
Event: 5036.086 GC heap after
{Heap after GC invocations=106 (full 18):
 garbage-first heap   total 109568K, used 35982K [0x00000000a2600000, 0x0000000100000000)
  region size 1024K, 7 young (7168K), 7 survivors (7168K)
 Metaspace       used 84545K, committed 85504K, reserved 1179648K
  class space    used 11573K, committed 11968K, reserved 1048576K
}
Event: 5193.598 GC heap before
{Heap before GC invocations=107 (full 18):
 garbage-first heap   total 109568K, used 92302K [0x00000000a2600000, 0x0000000100000000)
  region size 1024K, 62 young (63488K), 7 survivors (7168K)
 Metaspace       used 84990K, committed 86016K, reserved 1179648K
  class space    used 11628K, committed 12096K, reserved 1048576K
}
Event: 5193.716 GC heap after
{Heap after GC invocations=108 (full 18):
 garbage-first heap   total 109568K, used 40460K [0x00000000a2600000, 0x0000000100000000)
  region size 1024K, 6 young (6144K), 6 survivors (6144K)
 Metaspace       used 84990K, committed 86016K, reserved 1179648K
  class space    used 11628K, committed 12096K, reserved 1048576K
}
Event: 5196.089 GC heap before
{Heap before GC invocations=108 (full 18):
 garbage-first heap   total 109568K, used 93708K [0x00000000a2600000, 0x0000000100000000)
  region size 1024K, 58 young (59392K), 6 survivors (6144K)
 Metaspace       used 85000K, committed 86016K, reserved 1179648K
  class space    used 11630K, committed 12096K, reserved 1048576K
}
Event: 5196.102 GC heap after
{Heap after GC invocations=109 (full 18):
 garbage-first heap   total 109568K, used 41245K [0x00000000a2600000, 0x0000000100000000)
  region size 1024K, 1 young (1024K), 1 survivors (1024K)
 Metaspace       used 85000K, committed 86016K, reserved 1179648K
  class space    used 11630K, committed 12096K, reserved 1048576K
}
Event: 5197.581 GC heap before
{Heap before GC invocations=109 (full 18):
 garbage-first heap   total 109568K, used 98589K [0x00000000a2600000, 0x0000000100000000)
  region size 1024K, 57 young (58368K), 1 survivors (1024K)
 Metaspace       used 85000K, committed 86016K, reserved 1179648K
  class space    used 11630K, committed 12096K, reserved 1048576K
}
Event: 5197.593 GC heap after
{Heap after GC invocations=110 (full 18):
 garbage-first heap   total 109568K, used 40526K [0x00000000a2600000, 0x0000000100000000)
  region size 1024K, 1 young (1024K), 1 survivors (1024K)
 Metaspace       used 85000K, committed 86016K, reserved 1179648K
  class space    used 11630K, committed 12096K, reserved 1048576K
}
Event: 5200.803 GC heap before
{Heap before GC invocations=111 (full 18):
 garbage-first heap   total 109568K, used 98894K [0x00000000a2600000, 0x0000000100000000)
  region size 1024K, 58 young (59392K), 1 survivors (1024K)
 Metaspace       used 84758K, committed 86016K, reserved 1179648K
  class space    used 11569K, committed 12096K, reserved 1048576K
}
Event: 5200.805 GC heap after
{Heap after GC invocations=112 (full 18):
 garbage-first heap   total 109568K, used 40418K [0x00000000a2600000, 0x0000000100000000)
  region size 1024K, 1 young (1024K), 1 survivors (1024K)
 Metaspace       used 84758K, committed 86016K, reserved 1179648K
  class space    used 11569K, committed 12096K, reserved 1048576K
}
Event: 5218.247 GC heap before
{Heap before GC invocations=112 (full 18):
 garbage-first heap   total 109568K, used 98786K [0x00000000a2600000, 0x0000000100000000)
  region size 1024K, 58 young (59392K), 1 survivors (1024K)
 Metaspace       used 84795K, committed 86016K, reserved 1179648K
  class space    used 11577K, committed 12096K, reserved 1048576K
}
Event: 5218.280 GC heap after
{Heap after GC invocations=113 (full 18):
 garbage-first heap   total 109568K, used 36929K [0x00000000a2600000, 0x0000000100000000)
  region size 1024K, 1 young (1024K), 1 survivors (1024K)
 Metaspace       used 84795K, committed 86016K, reserved 1179648K
  class space    used 11577K, committed 12096K, reserved 1048576K
}
Event: 5222.316 GC heap before
{Heap before GC invocations=113 (full 18):
 garbage-first heap   total 109568K, used 100417K [0x00000000a2600000, 0x0000000100000000)
  region size 1024K, 63 young (64512K), 1 survivors (1024K)
 Metaspace       used 84795K, committed 86016K, reserved 1179648K
  class space    used 11577K, committed 12096K, reserved 1048576K
}
Event: 5222.329 GC heap after
{Heap after GC invocations=114 (full 18):
 garbage-first heap   total 109568K, used 36953K [0x00000000a2600000, 0x0000000100000000)
  region size 1024K, 1 young (1024K), 1 survivors (1024K)
 Metaspace       used 84795K, committed 86016K, reserved 1179648K
  class space    used 11577K, committed 12096K, reserved 1048576K
}
Event: 5344.989 GC heap before
{Heap before GC invocations=115 (full 18):
 garbage-first heap   total 109568K, used 70745K [0x00000000a2600000, 0x0000000100000000)
  region size 1024K, 35 young (35840K), 1 survivors (1024K)
 Metaspace       used 84822K, committed 86080K, reserved 1179648K
  class space    used 11582K, committed 12160K, reserved 1048576K
}

